[debug] [2025-03-10T12:46:45.792Z] ----------------------------------------------------------------------
[debug] [2025-03-10T12:46:45.796Z] Command:       C:\Program Files\nodejs\node.exe C:\Users\Diak\AppData\Roaming\npm\node_modules\firebase-tools\lib\bin\firebase.js emulators:start --only functions
[debug] [2025-03-10T12:46:45.796Z] CLI Version:   13.30.0
[debug] [2025-03-10T12:46:45.796Z] Platform:      win32
[debug] [2025-03-10T12:46:45.797Z] Node Version:  v20.17.0
[debug] [2025-03-10T12:46:45.797Z] Time:          Mon Mar 10 2025 13:46:45 GMT+0100 (közép-európai téli idő)
[debug] [2025-03-10T12:46:45.797Z] ----------------------------------------------------------------------
[debug] 
[debug] [2025-03-10T12:46:46.131Z] > command requires scopes: ["email","openid","https://www.googleapis.com/auth/cloudplatformprojects.readonly","https://www.googleapis.com/auth/firebase","https://www.googleapis.com/auth/cloud-platform"]
[debug] [2025-03-10T12:46:46.132Z] > authorizing via signed-in user (fulopferro@gmail.com)
[info] i  emulators: Starting emulators: functions {"metadata":{"emulator":{"name":"hub"},"message":"Starting emulators: functions"}}
[debug] [2025-03-10T12:46:46.147Z] [logging] Logging Emulator only supports listening on one address (127.0.0.1). Not listening on ::1
[debug] [2025-03-10T12:46:46.147Z] assigned listening specs for emulators {"user":{"hub":[{"address":"127.0.0.1","family":"IPv4","port":4400},{"address":"::1","family":"IPv6","port":4400}],"ui":[{"address":"127.0.0.1","family":"IPv4","port":4000},{"address":"::1","family":"IPv6","port":4000}],"logging":[{"address":"127.0.0.1","family":"IPv4","port":4500}]},"metadata":{"message":"assigned listening specs for emulators"}}
[debug] [2025-03-10T12:46:46.153Z] [hub] writing locator at C:\Users\Diak\AppData\Local\Temp\hub-uservizsgaremek.json
[debug] [2025-03-10T12:46:46.182Z] [functions] Functions Emulator only supports listening on one address (127.0.0.1). Not listening on ::1
[debug] [2025-03-10T12:46:46.183Z] [eventarc] Eventarc Emulator only supports listening on one address (127.0.0.1). Not listening on ::1
[debug] [2025-03-10T12:46:46.183Z] [tasks] Cloud Tasks Emulator only supports listening on one address (127.0.0.1). Not listening on ::1
[debug] [2025-03-10T12:46:46.183Z] late-assigned ports for functions and eventarc emulators {"user":{"hub":[{"address":"127.0.0.1","family":"IPv4","port":4400},{"address":"::1","family":"IPv6","port":4400}],"ui":[{"address":"127.0.0.1","family":"IPv4","port":4000},{"address":"::1","family":"IPv6","port":4000}],"logging":[{"address":"127.0.0.1","family":"IPv4","port":4500}],"functions":[{"address":"127.0.0.1","family":"IPv4","port":5001}],"eventarc":[{"address":"127.0.0.1","family":"IPv4","port":9299}],"tasks":[{"address":"127.0.0.1","family":"IPv4","port":9499}]},"metadata":{"message":"late-assigned ports for functions and eventarc emulators"}}
[warn] !  functions: The following emulators are not running, calls to these services from the Functions emulator will affect production: apphosting, auth, firestore, database, hosting, pubsub, storage, dataconnect {"metadata":{"emulator":{"name":"functions"},"message":"The following emulators are not running, calls to these services from the Functions emulator will affect production: \u001b[1mapphosting, auth, firestore, database, hosting, pubsub, storage, dataconnect\u001b[22m"}}
[debug] [2025-03-10T12:46:46.189Z] defaultcredentials: writing to file C:\Users\Diak\AppData\Roaming\firebase\fulopferro_gmail_com_application_default_credentials.json
[debug] [2025-03-10T12:46:46.198Z] Setting GAC to C:\Users\Diak\AppData\Roaming\firebase\fulopferro_gmail_com_application_default_credentials.json {"metadata":{"emulator":{"name":"functions"},"message":"Setting GAC to C:\\Users\\Diak\\AppData\\Roaming\\firebase\\fulopferro_gmail_com_application_default_credentials.json"}}
[debug] [2025-03-10T12:46:46.199Z] Checked if tokens are valid: true, expires at: 1741613794091
[debug] [2025-03-10T12:46:46.200Z] Checked if tokens are valid: true, expires at: 1741613794091
[debug] [2025-03-10T12:46:46.201Z] >>> [apiv2][query] GET https://firebase.googleapis.com/v1beta1/projects/uservizsgaremek/adminSdkConfig [none]
[debug] [2025-03-10T12:46:46.518Z] <<< [apiv2][status] GET https://firebase.googleapis.com/v1beta1/projects/uservizsgaremek/adminSdkConfig 200
[debug] [2025-03-10T12:46:46.518Z] <<< [apiv2][body] GET https://firebase.googleapis.com/v1beta1/projects/uservizsgaremek/adminSdkConfig {"projectId":"uservizsgaremek","databaseURL":"https://uservizsgaremek-default-rtdb.europe-west1.firebasedatabase.app","storageBucket":"uservizsgaremek.firebasestorage.app"}
[info] i  functions: Watching "C:\Users\Diak\VizsgaRemek\FrontEnd\functions" for Cloud Functions... {"metadata":{"emulator":{"name":"functions"},"message":"Watching \"C:\\Users\\Diak\\VizsgaRemek\\FrontEnd\\functions\" for Cloud Functions..."}}
[debug] [2025-03-10T12:46:46.558Z] Validating nodejs source
[debug] [2025-03-10T12:46:47.650Z] > [functions] package.json contents: {
  "name": "functions",
  "description": "Cloud Functions for Firebase",
  "scripts": {
    "serve": "firebase emulators:start --only functions",
    "shell": "firebase functions:shell",
    "start": "npm run shell",
    "deploy": "firebase deploy --only functions",
    "logs": "firebase functions:log"
  },
  "engines": {
    "node": "22"
  },
  "main": "index.js",
  "dependencies": {
    "firebase-admin": "^12.6.0",
    "firebase-functions": "^6.0.1"
  },
  "devDependencies": {
    "firebase-functions-test": "^3.1.0"
  },
  "private": true
}
[debug] [2025-03-10T12:46:47.651Z] Building nodejs source
[debug] [2025-03-10T12:46:47.651Z] Failed to find version of module node: reached end of search path C:\Users\Diak\VizsgaRemek\FrontEnd\functions\node_modules
[warn] !  functions: Your requested "node" version "22" doesn't match your global version "20". Using node@20 from host. 
[debug] [2025-03-10T12:46:47.656Z] Could not find functions.yaml. Must use http discovery
[debug] [2025-03-10T12:46:47.666Z] Found firebase-functions binary at 'C:\Users\Diak\VizsgaRemek\FrontEnd\functions\node_modules\.bin\firebase-functions'
[info] Serving at port 8747

[debug] [2025-03-10T12:46:48.288Z] Got response from /__/functions.yaml {"endpoints":{"api":{"availableMemoryMb":null,"timeoutSeconds":null,"minInstances":null,"maxInstances":null,"ingressSettings":null,"concurrency":null,"serviceAccountEmail":null,"vpc":null,"platform":"gcfv2","labels":{},"httpsTrigger":{},"entryPoint":"api"}},"specVersion":"v1alpha1","requiredAPIs":[],"extensions":{}}
[info] +  functions: Loaded functions definitions from source: api. {"metadata":{"emulator":{"name":"functions"},"message":"Loaded functions definitions from source: api."}}
[info] +  functions[us-central1-api]: http function initialized (http://127.0.0.1:5001/uservizsgaremek/us-central1/api). {"metadata":{"emulator":{"name":"functions"},"message":"\u001b[1mhttp\u001b[22m function initialized (http://127.0.0.1:5001/uservizsgaremek/us-central1/api)."}}
[debug] [2025-03-10T12:46:53.343Z] Could not find VSCode notification endpoint: FetchError: request to http://localhost:40001/vscode/notify failed, reason: . If you are not running the Firebase Data Connect VSCode extension, this is expected and not an issue.
[info] 
┌─────────────────────────────────────────────────────────────┐
│ ✔  All emulators ready! It is now safe to connect your app. │
│ i  View Emulator UI at http://127.0.0.1:4000/               │
└─────────────────────────────────────────────────────────────┘

┌───────────┬────────────────┬─────────────────────────────────┐
│ Emulator  │ Host:Port      │ View in Emulator UI             │
├───────────┼────────────────┼─────────────────────────────────┤
│ Functions │ 127.0.0.1:5001 │ http://127.0.0.1:4000/functions │
└───────────┴────────────────┴─────────────────────────────────┘
  Emulator Hub running at 127.0.0.1:4400
  Other reserved ports: 4500

Issues? Report them at https://github.com/firebase/firebase-tools/issues and attach the *-debug.log files.
 
[debug] [2025-03-10T14:54:42.245Z] [work-queue] {"queuedWork":["/uservizsgaremek/us-central1/api/getClaims/QLdD2yYtFRfXnucgaGcDuO5DcRA2-2025-03-10T14:54:42.243Z"],"queueLength":1,"runningWork":[],"workRunningCount":0}
[debug] [2025-03-10T14:54:42.255Z] [work-queue] {"queuedWork":[],"queueLength":0,"runningWork":["/uservizsgaremek/us-central1/api/getClaims/QLdD2yYtFRfXnucgaGcDuO5DcRA2-2025-03-10T14:54:42.243Z"],"workRunningCount":1}
[debug] [2025-03-10T14:54:42.258Z] Accepted request OPTIONS /uservizsgaremek/us-central1/api/getClaims/QLdD2yYtFRfXnucgaGcDuO5DcRA2 --> us-central1-api
[debug] [2025-03-10T14:54:42.277Z] [functions] Runtime ready! Sending request! {"metadata":{"emulator":{"name":"functions"},"message":"[functions] Runtime ready! Sending request!"}}
[debug] [2025-03-10T14:54:42.278Z] [functions] Got req.url=/uservizsgaremek/us-central1/api/getClaims/QLdD2yYtFRfXnucgaGcDuO5DcRA2, mapping to path=/getClaims/QLdD2yYtFRfXnucgaGcDuO5DcRA2 {"metadata":{"emulator":{"name":"functions"},"message":"[functions] Got req.url=/uservizsgaremek/us-central1/api/getClaims/QLdD2yYtFRfXnucgaGcDuO5DcRA2, mapping to path=/getClaims/QLdD2yYtFRfXnucgaGcDuO5DcRA2"}}
[debug] [2025-03-10T14:54:42.325Z] [worker-pool] addWorker(us-central1-api) {"metadata":{"emulator":{"name":"functions"},"message":"[worker-pool] addWorker(us-central1-api)"}}
[debug] [2025-03-10T14:54:42.329Z] [worker-pool] Adding worker with key us-central1-api, total=1 {"metadata":{"emulator":{"name":"functions"},"message":"[worker-pool] Adding worker with key us-central1-api, total=1"}}
[debug] [2025-03-10T14:54:44.080Z] [runtime-status] [21228] Resolved module firebase-admin {"declared":true,"installed":true,"version":"12.7.0","resolution":"C:\\Users\\Diak\\VizsgaRemek\\FrontEnd\\functions\\node_modules\\firebase-admin\\lib\\index.js"} {"metadata":{"emulator":{"name":"functions"},"function":{"name":"us-central1-api"},"extension":{},"message":"[runtime-status] [21228] Resolved module firebase-admin {\"declared\":true,\"installed\":true,\"version\":\"12.7.0\",\"resolution\":\"C:\\\\Users\\\\Diak\\\\VizsgaRemek\\\\FrontEnd\\\\functions\\\\node_modules\\\\firebase-admin\\\\lib\\\\index.js\"}"}}
[debug] [2025-03-10T14:54:44.081Z] [runtime-status] [21228] Resolved module firebase-functions {"declared":true,"installed":true,"version":"6.3.2","resolution":"C:\\Users\\Diak\\VizsgaRemek\\FrontEnd\\functions\\node_modules\\firebase-functions\\lib\\v2\\index.js"} {"metadata":{"emulator":{"name":"functions"},"function":{"name":"us-central1-api"},"extension":{},"message":"[runtime-status] [21228] Resolved module firebase-functions {\"declared\":true,\"installed\":true,\"version\":\"6.3.2\",\"resolution\":\"C:\\\\Users\\\\Diak\\\\VizsgaRemek\\\\FrontEnd\\\\functions\\\\node_modules\\\\firebase-functions\\\\lib\\\\v2\\\\index.js\"}"}}
[debug] [2025-03-10T14:54:44.081Z] [runtime-status] [21228] Outgoing network have been stubbed. [{"name":"http","status":"mocked"},{"name":"http","status":"mocked"},{"name":"https","status":"mocked"},{"name":"https","status":"mocked"},{"name":"net","status":"mocked"}] {"metadata":{"emulator":{"name":"functions"},"function":{"name":"us-central1-api"},"extension":{},"message":"[runtime-status] [21228] Outgoing network have been stubbed. [{\"name\":\"http\",\"status\":\"mocked\"},{\"name\":\"http\",\"status\":\"mocked\"},{\"name\":\"https\",\"status\":\"mocked\"},{\"name\":\"https\",\"status\":\"mocked\"},{\"name\":\"net\",\"status\":\"mocked\"}]"}}
[debug] [2025-03-10T14:54:44.082Z] [runtime-status] [21228] Resolved module firebase-functions {"declared":true,"installed":true,"version":"6.3.2","resolution":"C:\\Users\\Diak\\VizsgaRemek\\FrontEnd\\functions\\node_modules\\firebase-functions\\lib\\v2\\index.js"} {"metadata":{"emulator":{"name":"functions"},"function":{"name":"us-central1-api"},"extension":{},"message":"[runtime-status] [21228] Resolved module firebase-functions {\"declared\":true,\"installed\":true,\"version\":\"6.3.2\",\"resolution\":\"C:\\\\Users\\\\Diak\\\\VizsgaRemek\\\\FrontEnd\\\\functions\\\\node_modules\\\\firebase-functions\\\\lib\\\\v2\\\\index.js\"}"}}
[debug] [2025-03-10T14:54:44.539Z] [runtime-status] [21228] Checked functions.config() {"config":{}} {"metadata":{"emulator":{"name":"functions"},"function":{"name":"us-central1-api"},"extension":{},"message":"[runtime-status] [21228] Checked functions.config() {\"config\":{}}"}}
[debug] [2025-03-10T14:54:44.540Z] [runtime-status] [21228] firebase-functions has been stubbed. {"functionsResolution":{"declared":true,"installed":true,"version":"6.3.2","resolution":"C:\\Users\\Diak\\VizsgaRemek\\FrontEnd\\functions\\node_modules\\firebase-functions\\lib\\v2\\index.js"}} {"metadata":{"emulator":{"name":"functions"},"function":{"name":"us-central1-api"},"extension":{},"message":"[runtime-status] [21228] firebase-functions has been stubbed. {\"functionsResolution\":{\"declared\":true,\"installed\":true,\"version\":\"6.3.2\",\"resolution\":\"C:\\\\Users\\\\Diak\\\\VizsgaRemek\\\\FrontEnd\\\\functions\\\\node_modules\\\\firebase-functions\\\\lib\\\\v2\\\\index.js\"}}"}}
[debug] [2025-03-10T14:54:44.541Z] [runtime-status] [21228] Resolved module firebase-functions {"declared":true,"installed":true,"version":"6.3.2","resolution":"C:\\Users\\Diak\\VizsgaRemek\\FrontEnd\\functions\\node_modules\\firebase-functions\\lib\\v2\\index.js"} {"metadata":{"emulator":{"name":"functions"},"function":{"name":"us-central1-api"},"extension":{},"message":"[runtime-status] [21228] Resolved module firebase-functions {\"declared\":true,\"installed\":true,\"version\":\"6.3.2\",\"resolution\":\"C:\\\\Users\\\\Diak\\\\VizsgaRemek\\\\FrontEnd\\\\functions\\\\node_modules\\\\firebase-functions\\\\lib\\\\v2\\\\index.js\"}"}}
[debug] [2025-03-10T14:54:44.547Z] [runtime-status] [21228] Resolved module firebase-admin {"declared":true,"installed":true,"version":"12.7.0","resolution":"C:\\Users\\Diak\\VizsgaRemek\\FrontEnd\\functions\\node_modules\\firebase-admin\\lib\\index.js"} {"metadata":{"emulator":{"name":"functions"},"function":{"name":"us-central1-api"},"extension":{},"message":"[runtime-status] [21228] Resolved module firebase-admin {\"declared\":true,\"installed\":true,\"version\":\"12.7.0\",\"resolution\":\"C:\\\\Users\\\\Diak\\\\VizsgaRemek\\\\FrontEnd\\\\functions\\\\node_modules\\\\firebase-admin\\\\lib\\\\index.js\"}"}}
[debug] [2025-03-10T14:54:44.550Z] [runtime-status] [21228] Resolved module firebase-functions {"declared":true,"installed":true,"version":"6.3.2","resolution":"C:\\Users\\Diak\\VizsgaRemek\\FrontEnd\\functions\\node_modules\\firebase-functions\\lib\\v2\\index.js"} {"metadata":{"emulator":{"name":"functions"},"function":{"name":"us-central1-api"},"extension":{},"message":"[runtime-status] [21228] Resolved module firebase-functions {\"declared\":true,\"installed\":true,\"version\":\"6.3.2\",\"resolution\":\"C:\\\\Users\\\\Diak\\\\VizsgaRemek\\\\FrontEnd\\\\functions\\\\node_modules\\\\firebase-functions\\\\lib\\\\v2\\\\index.js\"}"}}
[debug] [2025-03-10T14:54:44.551Z] [runtime-status] [21228] firebase-admin has been stubbed. {"adminResolution":{"declared":true,"installed":true,"version":"12.7.0","resolution":"C:\\Users\\Diak\\VizsgaRemek\\FrontEnd\\functions\\node_modules\\firebase-admin\\lib\\index.js"}} {"metadata":{"emulator":{"name":"functions"},"function":{"name":"us-central1-api"},"extension":{},"message":"[runtime-status] [21228] firebase-admin has been stubbed. {\"adminResolution\":{\"declared\":true,\"installed\":true,\"version\":\"12.7.0\",\"resolution\":\"C:\\\\Users\\\\Diak\\\\VizsgaRemek\\\\FrontEnd\\\\functions\\\\node_modules\\\\firebase-admin\\\\lib\\\\index.js\"}}"}}
[debug] [2025-03-10T14:54:44.826Z] [runtime-status] [21228] initializeApp(DEFAULT) {"credential":{"implicit":false,"projectId":"uservizsgaremek","privateKey":"-----BEGIN PRIVATE KEY-----\nMIIEvgIBADANBgkqhkiG9w0BAQEFAASCBKgwggSkAgEAAoIBAQCXykO7idNkcOnj\n6ERYqQZ26O4ddUr5zKbILEdykYH/N1fBXzTn4PvHf17bwq+n8KKTVrPL/ZbmNtWm\nyWWS4XvY8Z2AIfVipw2WbxI/DwX/wYGrW9qadokEUlgaDUYy0hZOEwv48Zc8us4k\nlhbV66Aml2F2uGTWMzdMgiu2hGPMYCtI0F6zwwDNAavkOSjWdEFxZPzxwSt/zkGP\noHQWza25Ix11W3vf3oAJRnyhgYG9pgtoOXdl9LwzXgc8YPP8fyKRLxWv0/Ljqpia\nCpzqb0SaIYrZxubhpl1sSh/lqDti5JAddEp6cH5I+ohwZhZ9tdHOdTsYBBF/7VDj\nDtMan4W7AgMBAAECggEAFubNkV4aJu1iXKCOr1HRR9+dDZTE2yulfk4v+Xk6w+b1\ntpdGxDWNx2vQRBf7qLsFzHUoa363ZcSgN6nrSV378Z+Cw/Jbs6bAxhG8DweVQCFS\nDyissuFvitdhs4yNKt3Hv7/f7o+E4gTNVXfPujby0t/ENMVdcXQIw+Jf9gnDhPJC\nEdKIlPPOZuBhyKGT6oEUlXWFHSz0Gy0RQgcE+qMpQfAsmW0TbKcQPrh+TrKeJO63\n2sJvuMsnMojFrrr/k55IHcf1QsG5vJJN6lnKrc9UJixXARESIQvYjSExBq/9tpgY\nl41/4jPQabsMhnBCDr+32XhwwS7R7UZmGh8bb5a8AQKBgQDLkTKEEi9MRfbs+nuC\nBjDVAxhPRC/qlTMMY82rs9meQGxrwskoaHolgXW0dpC7rjb03C7OUQOut4HuIfG4\neThGFtDkLtDwZusvY2fRh5jmUqJSfFp+uPjdLbURn1fXPh7qyY6rkZOGTjJCW5TT\nA4FlygRv5e7GZB4wMzazplymcQKBgQC+4v4aOvBocfJ+4walrBhdw18Lo/yCJ+Ii\njcio3IdtyT8ETAECcBQSTZiFtAeje6G1Xp+D7HqUlfUnaEs8ypTZRBnD3gjmXPQp\ngdP1cROgADwvu6k3o1hVWG1WJfodjWya+xeNGuPxalSJ+mOvNJEKbuSEHI3BrqYH\n0a1P9DR86wKBgQCyXsLFyO1axv9rfLvWHbiSHYkig5v8z8kQNS9VIV0w9kBKWD5M\nwucsj/hkLXP6j9elzHzS2VgBstgNof6c5tKxT3KwTnlT/MpdFpw0k70dLBEBd+cP\nnOKrY06CZ33fo5YRopT5rrB2gXQ2guqvzyWF3HLw3afQfI+bKnTnC4GpcQKBgEKk\n+7RquX6tsc1NNAfpksRBrtBgm4tRo2kO+WzDOeFBruewJXYVbVyKjOK5XSVdx7KL\n68Nib9WqmWH9zq7Vx6wnU5uHzLGo6HIJatg5d3GYQ2si6MyNEg0SB3JZZf6lXrKp\nUaqpJcYmqodVzTHhd3YeC1h4o6FoeX0nXowYpa6rAoGBAJNiEZrw2KRXAyvgq/MX\n4ejdQZBRhoTs6yFWYxldfFAHc/LshMP3dcuUJ2tmXDvpBygodsPBalJrvJriLbIg\nEXmG4L4gjCH6K9XFbe6JZ1HV1SZvFEuy6ogXdpBCwlZ1gRQa3dCDp1bqciMm/Kax\nZ7lighNWyS2pPPeAI9DRVwJE\n-----END PRIVATE KEY-----\n","clientEmail":"firebase-adminsdk-fbsvc@uservizsgaremek.iam.gserviceaccount.com","httpClient":{"retry":{"maxRetries":4,"statusCodes":[503],"ioErrorCodes":["ECONNRESET","ETIMEDOUT"],"backOffFactor":0.5,"maxDelayInMillis":60000}}},"databaseURL":"https://uservizsgaremek-default-rtdb.europe-west1.firebasedatabase.app"} {"metadata":{"emulator":{"name":"functions"},"function":{"name":"us-central1-api"},"extension":{},"message":"[runtime-status] [21228] initializeApp(DEFAULT) {\"credential\":{\"implicit\":false,\"projectId\":\"uservizsgaremek\",\"privateKey\":\"-----BEGIN PRIVATE KEY-----\\nMIIEvgIBADANBgkqhkiG9w0BAQEFAASCBKgwggSkAgEAAoIBAQCXykO7idNkcOnj\\n6ERYqQZ26O4ddUr5zKbILEdykYH/N1fBXzTn4PvHf17bwq+n8KKTVrPL/ZbmNtWm\\nyWWS4XvY8Z2AIfVipw2WbxI/DwX/wYGrW9qadokEUlgaDUYy0hZOEwv48Zc8us4k\\nlhbV66Aml2F2uGTWMzdMgiu2hGPMYCtI0F6zwwDNAavkOSjWdEFxZPzxwSt/zkGP\\noHQWza25Ix11W3vf3oAJRnyhgYG9pgtoOXdl9LwzXgc8YPP8fyKRLxWv0/Ljqpia\\nCpzqb0SaIYrZxubhpl1sSh/lqDti5JAddEp6cH5I+ohwZhZ9tdHOdTsYBBF/7VDj\\nDtMan4W7AgMBAAECggEAFubNkV4aJu1iXKCOr1HRR9+dDZTE2yulfk4v+Xk6w+b1\\ntpdGxDWNx2vQRBf7qLsFzHUoa363ZcSgN6nrSV378Z+Cw/Jbs6bAxhG8DweVQCFS\\nDyissuFvitdhs4yNKt3Hv7/f7o+E4gTNVXfPujby0t/ENMVdcXQIw+Jf9gnDhPJC\\nEdKIlPPOZuBhyKGT6oEUlXWFHSz0Gy0RQgcE+qMpQfAsmW0TbKcQPrh+TrKeJO63\\n2sJvuMsnMojFrrr/k55IHcf1QsG5vJJN6lnKrc9UJixXARESIQvYjSExBq/9tpgY\\nl41/4jPQabsMhnBCDr+32XhwwS7R7UZmGh8bb5a8AQKBgQDLkTKEEi9MRfbs+nuC\\nBjDVAxhPRC/qlTMMY82rs9meQGxrwskoaHolgXW0dpC7rjb03C7OUQOut4HuIfG4\\neThGFtDkLtDwZusvY2fRh5jmUqJSfFp+uPjdLbURn1fXPh7qyY6rkZOGTjJCW5TT\\nA4FlygRv5e7GZB4wMzazplymcQKBgQC+4v4aOvBocfJ+4walrBhdw18Lo/yCJ+Ii\\njcio3IdtyT8ETAECcBQSTZiFtAeje6G1Xp+D7HqUlfUnaEs8ypTZRBnD3gjmXPQp\\ngdP1cROgADwvu6k3o1hVWG1WJfodjWya+xeNGuPxalSJ+mOvNJEKbuSEHI3BrqYH\\n0a1P9DR86wKBgQCyXsLFyO1axv9rfLvWHbiSHYkig5v8z8kQNS9VIV0w9kBKWD5M\\nwucsj/hkLXP6j9elzHzS2VgBstgNof6c5tKxT3KwTnlT/MpdFpw0k70dLBEBd+cP\\nnOKrY06CZ33fo5YRopT5rrB2gXQ2guqvzyWF3HLw3afQfI+bKnTnC4GpcQKBgEKk\\n+7RquX6tsc1NNAfpksRBrtBgm4tRo2kO+WzDOeFBruewJXYVbVyKjOK5XSVdx7KL\\n68Nib9WqmWH9zq7Vx6wnU5uHzLGo6HIJatg5d3GYQ2si6MyNEg0SB3JZZf6lXrKp\\nUaqpJcYmqodVzTHhd3YeC1h4o6FoeX0nXowYpa6rAoGBAJNiEZrw2KRXAyvgq/MX\\n4ejdQZBRhoTs6yFWYxldfFAHc/LshMP3dcuUJ2tmXDvpBygodsPBalJrvJriLbIg\\nEXmG4L4gjCH6K9XFbe6JZ1HV1SZvFEuy6ogXdpBCwlZ1gRQa3dCDp1bqciMm/Kax\\nZ7lighNWyS2pPPeAI9DRVwJE\\n-----END PRIVATE KEY-----\\n\",\"clientEmail\":\"firebase-adminsdk-fbsvc@uservizsgaremek.iam.gserviceaccount.com\",\"httpClient\":{\"retry\":{\"maxRetries\":4,\"statusCodes\":[503],\"ioErrorCodes\":[\"ECONNRESET\",\"ETIMEDOUT\"],\"backOffFactor\":0.5,\"maxDelayInMillis\":60000}}},\"databaseURL\":\"https://uservizsgaremek-default-rtdb.europe-west1.firebasedatabase.app\"}"}}
[debug] [2025-03-10T14:54:44.838Z] [runtime-status] [21228] Functions runtime initialized. {"cwd":"C:\\Users\\Diak\\VizsgaRemek\\FrontEnd\\functions","node_version":"20.17.0"} {"metadata":{"emulator":{"name":"functions"},"function":{"name":"us-central1-api"},"extension":{},"message":"[runtime-status] [21228] Functions runtime initialized. {\"cwd\":\"C:\\\\Users\\\\Diak\\\\VizsgaRemek\\\\FrontEnd\\\\functions\",\"node_version\":\"20.17.0\"}"}}
[debug] [2025-03-10T14:54:44.839Z] [runtime-status] [21228] Listening to port: \\?\pipe\fire_emu_67a7b5017cdbacbb {"metadata":{"emulator":{"name":"functions"},"function":{"name":"us-central1-api"},"extension":{},"message":"[runtime-status] [21228] Listening to port: \\\\?\\pipe\\fire_emu_67a7b5017cdbacbb"}}
[debug] [2025-03-10T14:54:44.950Z] [worker-us-central1-api-ed4c88ec-2beb-4aa5-9c32-36088c0d9922]: IDLE {"metadata":{"emulator":{"name":"functions"},"function":{"name":"us-central1-api"},"extension":{},"message":"[worker-us-central1-api-ed4c88ec-2beb-4aa5-9c32-36088c0d9922]: IDLE"}}
[debug] [2025-03-10T14:54:44.951Z] [worker-pool] submitRequest(triggerId=us-central1-api) {"metadata":{"emulator":{"name":"functions"},"message":"[worker-pool] submitRequest(triggerId=us-central1-api)"}}
[info] i  functions: Beginning execution of "us-central1-api" {"metadata":{"emulator":{"name":"functions"},"function":{"name":"us-central1-api"},"extension":{},"message":"Beginning execution of \"us-central1-api\""}}
[debug] [2025-03-10T14:54:44.953Z] [worker-us-central1-api-ed4c88ec-2beb-4aa5-9c32-36088c0d9922]: BUSY {"metadata":{"emulator":{"name":"functions"},"function":{"name":"us-central1-api"},"extension":{},"message":"[worker-us-central1-api-ed4c88ec-2beb-4aa5-9c32-36088c0d9922]: BUSY"}}
[debug] [2025-03-10T14:54:44.961Z] Finishing up request with event=pause {"metadata":{"emulator":{"name":"functions"},"function":{"name":"us-central1-api"},"extension":{},"message":"Finishing up request with event=pause"}}
[info] i  functions: Finished "us-central1-api" in 8.1789ms {"metadata":{"emulator":{"name":"functions"},"function":{"name":"us-central1-api"},"extension":{},"message":"Finished \"us-central1-api\" in 8.1789ms"}}
[debug] [2025-03-10T14:54:44.962Z] [worker-us-central1-api-ed4c88ec-2beb-4aa5-9c32-36088c0d9922]: IDLE {"metadata":{"emulator":{"name":"functions"},"function":{"name":"us-central1-api"},"extension":{},"message":"[worker-us-central1-api-ed4c88ec-2beb-4aa5-9c32-36088c0d9922]: IDLE"}}
[debug] [2025-03-10T14:54:44.962Z] Finishing up request with event=finish {"metadata":{"emulator":{"name":"functions"},"function":{"name":"us-central1-api"},"extension":{},"message":"Finishing up request with event=finish"}}
[debug] [2025-03-10T14:54:44.963Z] Finishing up request with event=close {"metadata":{"emulator":{"name":"functions"},"function":{"name":"us-central1-api"},"extension":{},"message":"Finishing up request with event=close"}}
[debug] [2025-03-10T14:54:44.963Z] [work-queue] {"queuedWork":[],"queueLength":0,"runningWork":[],"workRunningCount":0}
[debug] [2025-03-10T14:54:44.964Z] [work-queue] {"queuedWork":["/uservizsgaremek/us-central1/api/getClaims/QLdD2yYtFRfXnucgaGcDuO5DcRA2-2025-03-10T14:54:44.964Z"],"queueLength":1,"runningWork":[],"workRunningCount":0}
[debug] [2025-03-10T14:54:44.964Z] [work-queue] {"queuedWork":[],"queueLength":0,"runningWork":["/uservizsgaremek/us-central1/api/getClaims/QLdD2yYtFRfXnucgaGcDuO5DcRA2-2025-03-10T14:54:44.964Z"],"workRunningCount":1}
[debug] [2025-03-10T14:54:44.965Z] Accepted request GET /uservizsgaremek/us-central1/api/getClaims/QLdD2yYtFRfXnucgaGcDuO5DcRA2 --> us-central1-api
[debug] [2025-03-10T14:54:44.966Z] [functions] Runtime ready! Sending request! {"metadata":{"emulator":{"name":"functions"},"message":"[functions] Runtime ready! Sending request!"}}
[debug] [2025-03-10T14:54:44.966Z] [functions] Got req.url=/uservizsgaremek/us-central1/api/getClaims/QLdD2yYtFRfXnucgaGcDuO5DcRA2, mapping to path=/getClaims/QLdD2yYtFRfXnucgaGcDuO5DcRA2 {"metadata":{"emulator":{"name":"functions"},"message":"[functions] Got req.url=/uservizsgaremek/us-central1/api/getClaims/QLdD2yYtFRfXnucgaGcDuO5DcRA2, mapping to path=/getClaims/QLdD2yYtFRfXnucgaGcDuO5DcRA2"}}
[debug] [2025-03-10T14:54:44.966Z] [worker-pool] submitRequest(triggerId=us-central1-api) {"metadata":{"emulator":{"name":"functions"},"message":"[worker-pool] submitRequest(triggerId=us-central1-api)"}}
[info] i  functions: Beginning execution of "us-central1-api" {"metadata":{"emulator":{"name":"functions"},"function":{"name":"us-central1-api"},"extension":{},"message":"Beginning execution of \"us-central1-api\""}}
[debug] [2025-03-10T14:54:44.967Z] [worker-us-central1-api-ed4c88ec-2beb-4aa5-9c32-36088c0d9922]: BUSY {"metadata":{"emulator":{"name":"functions"},"function":{"name":"us-central1-api"},"extension":{},"message":"[worker-us-central1-api-ed4c88ec-2beb-4aa5-9c32-36088c0d9922]: BUSY"}}
[warn] !  functions: The Firebase Authentication emulator is not running, so calls to Firebase Authentication will affect production. {"metadata":{"emulator":{"name":"functions"},"function":{"name":"us-central1-api"},"extension":{},"message":"The Firebase Authentication emulator is not running, so calls to Firebase Authentication will affect production."}}
[info] >  Hiba a claimsok lekérdezésénél!  FirebaseAuthError: There is no user record corresponding to the provided identifier. {"user":"Hiba a claimsok lekérdezésénél!  FirebaseAuthError: There is no user record corresponding to the provided identifier.","metadata":{"emulator":{"name":"functions"},"function":{"name":"us-central1-api"},"extension":{},"message":"\u001b[90m> \u001b[39m Hiba a claimsok lekérdezésénél!  FirebaseAuthError: There is no user record corresponding to the provided identifier."}}
[info] >      at C:\Users\Diak\VizsgaRemek\FrontEnd\functions\node_modules\firebase-admin\lib\auth\auth-api-request.js:552:15 {"user":"    at C:\\Users\\Diak\\VizsgaRemek\\FrontEnd\\functions\\node_modules\\firebase-admin\\lib\\auth\\auth-api-request.js:552:15","metadata":{"emulator":{"name":"functions"},"function":{"name":"us-central1-api"},"extension":{},"message":"\u001b[90m> \u001b[39m     at C:\\Users\\Diak\\VizsgaRemek\\FrontEnd\\functions\\node_modules\\firebase-admin\\lib\\auth\\auth-api-request.js:552:15"}}
[info] >      at C:\Users\Diak\VizsgaRemek\FrontEnd\functions\node_modules\firebase-admin\lib\auth\auth-api-request.js:1616:13 {"user":"    at C:\\Users\\Diak\\VizsgaRemek\\FrontEnd\\functions\\node_modules\\firebase-admin\\lib\\auth\\auth-api-request.js:1616:13","metadata":{"emulator":{"name":"functions"},"function":{"name":"us-central1-api"},"extension":{},"message":"\u001b[90m> \u001b[39m     at C:\\Users\\Diak\\VizsgaRemek\\FrontEnd\\functions\\node_modules\\firebase-admin\\lib\\auth\\auth-api-request.js:1616:13"}}
[info] >      at process.processTicksAndRejections (node:internal/process/task_queues:95:5) { {"user":"    at process.processTicksAndRejections (node:internal/process/task_queues:95:5) {","metadata":{"emulator":{"name":"functions"},"function":{"name":"us-central1-api"},"extension":{},"message":"\u001b[90m> \u001b[39m     at process.processTicksAndRejections (node:internal/process/task_queues:95:5) {"}}
[info] >    errorInfo: { {"user":"  errorInfo: {","metadata":{"emulator":{"name":"functions"},"function":{"name":"us-central1-api"},"extension":{},"message":"\u001b[90m> \u001b[39m   errorInfo: {"}}
[info] >      code: 'auth/user-not-found', {"user":"    code: 'auth/user-not-found',","metadata":{"emulator":{"name":"functions"},"function":{"name":"us-central1-api"},"extension":{},"message":"\u001b[90m> \u001b[39m     code: 'auth/user-not-found',"}}
[info] >      message: 'There is no user record corresponding to the provided identifier.' {"user":"    message: 'There is no user record corresponding to the provided identifier.'","metadata":{"emulator":{"name":"functions"},"function":{"name":"us-central1-api"},"extension":{},"message":"\u001b[90m> \u001b[39m     message: 'There is no user record corresponding to the provided identifier.'"}}
[info] >    }, {"user":"  },","metadata":{"emulator":{"name":"functions"},"function":{"name":"us-central1-api"},"extension":{},"message":"\u001b[90m> \u001b[39m   },"}}
[info] >    codePrefix: 'auth' {"user":"  codePrefix: 'auth'","metadata":{"emulator":{"name":"functions"},"function":{"name":"us-central1-api"},"extension":{},"message":"\u001b[90m> \u001b[39m   codePrefix: 'auth'"}}
[info] >  } {"user":"}","metadata":{"emulator":{"name":"functions"},"function":{"name":"us-central1-api"},"extension":{},"message":"\u001b[90m> \u001b[39m }"}}
[debug] [2025-03-10T14:54:45.461Z] Finishing up request with event=pause {"metadata":{"emulator":{"name":"functions"},"function":{"name":"us-central1-api"},"extension":{},"message":"Finishing up request with event=pause"}}
[info] i  functions: Finished "us-central1-api" in 494.6936ms {"metadata":{"emulator":{"name":"functions"},"function":{"name":"us-central1-api"},"extension":{},"message":"Finished \"us-central1-api\" in 494.6936ms"}}
[debug] [2025-03-10T14:54:45.462Z] [worker-us-central1-api-ed4c88ec-2beb-4aa5-9c32-36088c0d9922]: IDLE {"metadata":{"emulator":{"name":"functions"},"function":{"name":"us-central1-api"},"extension":{},"message":"[worker-us-central1-api-ed4c88ec-2beb-4aa5-9c32-36088c0d9922]: IDLE"}}
[debug] [2025-03-10T14:54:45.463Z] Finishing up request with event=finish {"metadata":{"emulator":{"name":"functions"},"function":{"name":"us-central1-api"},"extension":{},"message":"Finishing up request with event=finish"}}
[debug] [2025-03-10T14:54:45.464Z] Finishing up request with event=close {"metadata":{"emulator":{"name":"functions"},"function":{"name":"us-central1-api"},"extension":{},"message":"Finishing up request with event=close"}}
[debug] [2025-03-10T14:54:45.464Z] [work-queue] {"queuedWork":[],"queueLength":0,"runningWork":[],"workRunningCount":0}
[debug] [2025-03-10T14:57:23.110Z] [work-queue] {"queuedWork":["/uservizsgaremek/us-central1/api/getClaims/MAJnpzEVyvQ1EIndHqgmUmdQaGE2-2025-03-10T14:57:23.110Z"],"queueLength":1,"runningWork":[],"workRunningCount":0}
[debug] [2025-03-10T14:57:23.110Z] [work-queue] {"queuedWork":[],"queueLength":0,"runningWork":["/uservizsgaremek/us-central1/api/getClaims/MAJnpzEVyvQ1EIndHqgmUmdQaGE2-2025-03-10T14:57:23.110Z"],"workRunningCount":1}
[debug] [2025-03-10T14:57:23.111Z] Accepted request OPTIONS /uservizsgaremek/us-central1/api/getClaims/MAJnpzEVyvQ1EIndHqgmUmdQaGE2 --> us-central1-api
[debug] [2025-03-10T14:57:23.113Z] [functions] Runtime ready! Sending request! {"metadata":{"emulator":{"name":"functions"},"message":"[functions] Runtime ready! Sending request!"}}
[debug] [2025-03-10T14:57:23.114Z] [functions] Got req.url=/uservizsgaremek/us-central1/api/getClaims/MAJnpzEVyvQ1EIndHqgmUmdQaGE2, mapping to path=/getClaims/MAJnpzEVyvQ1EIndHqgmUmdQaGE2 {"metadata":{"emulator":{"name":"functions"},"message":"[functions] Got req.url=/uservizsgaremek/us-central1/api/getClaims/MAJnpzEVyvQ1EIndHqgmUmdQaGE2, mapping to path=/getClaims/MAJnpzEVyvQ1EIndHqgmUmdQaGE2"}}
[debug] [2025-03-10T14:57:23.114Z] [worker-pool] submitRequest(triggerId=us-central1-api) {"metadata":{"emulator":{"name":"functions"},"message":"[worker-pool] submitRequest(triggerId=us-central1-api)"}}
[info] i  functions: Beginning execution of "us-central1-api" {"metadata":{"emulator":{"name":"functions"},"function":{"name":"us-central1-api"},"extension":{},"message":"Beginning execution of \"us-central1-api\""}}
[debug] [2025-03-10T14:57:23.125Z] [worker-us-central1-api-ed4c88ec-2beb-4aa5-9c32-36088c0d9922]: BUSY {"metadata":{"emulator":{"name":"functions"},"function":{"name":"us-central1-api"},"extension":{},"message":"[worker-us-central1-api-ed4c88ec-2beb-4aa5-9c32-36088c0d9922]: BUSY"}}
[debug] [2025-03-10T14:57:23.128Z] Finishing up request with event=pause {"metadata":{"emulator":{"name":"functions"},"function":{"name":"us-central1-api"},"extension":{},"message":"Finishing up request with event=pause"}}
[info] i  functions: Finished "us-central1-api" in 3.8595ms {"metadata":{"emulator":{"name":"functions"},"function":{"name":"us-central1-api"},"extension":{},"message":"Finished \"us-central1-api\" in 3.8595ms"}}
[debug] [2025-03-10T14:57:23.129Z] [worker-us-central1-api-ed4c88ec-2beb-4aa5-9c32-36088c0d9922]: IDLE {"metadata":{"emulator":{"name":"functions"},"function":{"name":"us-central1-api"},"extension":{},"message":"[worker-us-central1-api-ed4c88ec-2beb-4aa5-9c32-36088c0d9922]: IDLE"}}
[debug] [2025-03-10T14:57:23.130Z] Finishing up request with event=finish {"metadata":{"emulator":{"name":"functions"},"function":{"name":"us-central1-api"},"extension":{},"message":"Finishing up request with event=finish"}}
[debug] [2025-03-10T14:57:23.130Z] Finishing up request with event=close {"metadata":{"emulator":{"name":"functions"},"function":{"name":"us-central1-api"},"extension":{},"message":"Finishing up request with event=close"}}
[debug] [2025-03-10T14:57:23.130Z] [work-queue] {"queuedWork":[],"queueLength":0,"runningWork":[],"workRunningCount":0}
[debug] [2025-03-10T14:57:23.131Z] [work-queue] {"queuedWork":["/uservizsgaremek/us-central1/api/getClaims/MAJnpzEVyvQ1EIndHqgmUmdQaGE2-2025-03-10T14:57:23.131Z"],"queueLength":1,"runningWork":[],"workRunningCount":0}
[debug] [2025-03-10T14:57:23.132Z] [work-queue] {"queuedWork":[],"queueLength":0,"runningWork":["/uservizsgaremek/us-central1/api/getClaims/MAJnpzEVyvQ1EIndHqgmUmdQaGE2-2025-03-10T14:57:23.131Z"],"workRunningCount":1}
[debug] [2025-03-10T14:57:23.132Z] Accepted request GET /uservizsgaremek/us-central1/api/getClaims/MAJnpzEVyvQ1EIndHqgmUmdQaGE2 --> us-central1-api
[debug] [2025-03-10T14:57:23.135Z] [functions] Runtime ready! Sending request! {"metadata":{"emulator":{"name":"functions"},"message":"[functions] Runtime ready! Sending request!"}}
[debug] [2025-03-10T14:57:23.135Z] [functions] Got req.url=/uservizsgaremek/us-central1/api/getClaims/MAJnpzEVyvQ1EIndHqgmUmdQaGE2, mapping to path=/getClaims/MAJnpzEVyvQ1EIndHqgmUmdQaGE2 {"metadata":{"emulator":{"name":"functions"},"message":"[functions] Got req.url=/uservizsgaremek/us-central1/api/getClaims/MAJnpzEVyvQ1EIndHqgmUmdQaGE2, mapping to path=/getClaims/MAJnpzEVyvQ1EIndHqgmUmdQaGE2"}}
[debug] [2025-03-10T14:57:23.135Z] [worker-pool] submitRequest(triggerId=us-central1-api) {"metadata":{"emulator":{"name":"functions"},"message":"[worker-pool] submitRequest(triggerId=us-central1-api)"}}
[info] i  functions: Beginning execution of "us-central1-api" {"metadata":{"emulator":{"name":"functions"},"function":{"name":"us-central1-api"},"extension":{},"message":"Beginning execution of \"us-central1-api\""}}
[debug] [2025-03-10T14:57:23.138Z] [worker-us-central1-api-ed4c88ec-2beb-4aa5-9c32-36088c0d9922]: BUSY {"metadata":{"emulator":{"name":"functions"},"function":{"name":"us-central1-api"},"extension":{},"message":"[worker-us-central1-api-ed4c88ec-2beb-4aa5-9c32-36088c0d9922]: BUSY"}}
[info] >  Hiba a claimsok lekérdezésénél!  FirebaseAuthError: There is no user record corresponding to the provided identifier. {"user":"Hiba a claimsok lekérdezésénél!  FirebaseAuthError: There is no user record corresponding to the provided identifier.","metadata":{"emulator":{"name":"functions"},"function":{"name":"us-central1-api"},"extension":{},"message":"\u001b[90m> \u001b[39m Hiba a claimsok lekérdezésénél!  FirebaseAuthError: There is no user record corresponding to the provided identifier."}}
[info] >      at C:\Users\Diak\VizsgaRemek\FrontEnd\functions\node_modules\firebase-admin\lib\auth\auth-api-request.js:552:15 {"user":"    at C:\\Users\\Diak\\VizsgaRemek\\FrontEnd\\functions\\node_modules\\firebase-admin\\lib\\auth\\auth-api-request.js:552:15","metadata":{"emulator":{"name":"functions"},"function":{"name":"us-central1-api"},"extension":{},"message":"\u001b[90m> \u001b[39m     at C:\\Users\\Diak\\VizsgaRemek\\FrontEnd\\functions\\node_modules\\firebase-admin\\lib\\auth\\auth-api-request.js:552:15"}}
[info] >      at C:\Users\Diak\VizsgaRemek\FrontEnd\functions\node_modules\firebase-admin\lib\auth\auth-api-request.js:1616:13 {"user":"    at C:\\Users\\Diak\\VizsgaRemek\\FrontEnd\\functions\\node_modules\\firebase-admin\\lib\\auth\\auth-api-request.js:1616:13","metadata":{"emulator":{"name":"functions"},"function":{"name":"us-central1-api"},"extension":{},"message":"\u001b[90m> \u001b[39m     at C:\\Users\\Diak\\VizsgaRemek\\FrontEnd\\functions\\node_modules\\firebase-admin\\lib\\auth\\auth-api-request.js:1616:13"}}
[info] >      at process.processTicksAndRejections (node:internal/process/task_queues:95:5) { {"user":"    at process.processTicksAndRejections (node:internal/process/task_queues:95:5) {","metadata":{"emulator":{"name":"functions"},"function":{"name":"us-central1-api"},"extension":{},"message":"\u001b[90m> \u001b[39m     at process.processTicksAndRejections (node:internal/process/task_queues:95:5) {"}}
[info] >    errorInfo: { {"user":"  errorInfo: {","metadata":{"emulator":{"name":"functions"},"function":{"name":"us-central1-api"},"extension":{},"message":"\u001b[90m> \u001b[39m   errorInfo: {"}}
[info] >      code: 'auth/user-not-found', {"user":"    code: 'auth/user-not-found',","metadata":{"emulator":{"name":"functions"},"function":{"name":"us-central1-api"},"extension":{},"message":"\u001b[90m> \u001b[39m     code: 'auth/user-not-found',"}}
[info] >      message: 'There is no user record corresponding to the provided identifier.' {"user":"    message: 'There is no user record corresponding to the provided identifier.'","metadata":{"emulator":{"name":"functions"},"function":{"name":"us-central1-api"},"extension":{},"message":"\u001b[90m> \u001b[39m     message: 'There is no user record corresponding to the provided identifier.'"}}
[info] >    }, {"user":"  },","metadata":{"emulator":{"name":"functions"},"function":{"name":"us-central1-api"},"extension":{},"message":"\u001b[90m> \u001b[39m   },"}}
[info] >    codePrefix: 'auth' {"user":"  codePrefix: 'auth'","metadata":{"emulator":{"name":"functions"},"function":{"name":"us-central1-api"},"extension":{},"message":"\u001b[90m> \u001b[39m   codePrefix: 'auth'"}}
[info] >  } {"user":"}","metadata":{"emulator":{"name":"functions"},"function":{"name":"us-central1-api"},"extension":{},"message":"\u001b[90m> \u001b[39m }"}}
[debug] [2025-03-10T14:57:23.370Z] Finishing up request with event=pause {"metadata":{"emulator":{"name":"functions"},"function":{"name":"us-central1-api"},"extension":{},"message":"Finishing up request with event=pause"}}
[info] i  functions: Finished "us-central1-api" in 232.3491ms {"metadata":{"emulator":{"name":"functions"},"function":{"name":"us-central1-api"},"extension":{},"message":"Finished \"us-central1-api\" in 232.3491ms"}}
[debug] [2025-03-10T14:57:23.372Z] [worker-us-central1-api-ed4c88ec-2beb-4aa5-9c32-36088c0d9922]: IDLE {"metadata":{"emulator":{"name":"functions"},"function":{"name":"us-central1-api"},"extension":{},"message":"[worker-us-central1-api-ed4c88ec-2beb-4aa5-9c32-36088c0d9922]: IDLE"}}
[debug] [2025-03-10T14:57:23.373Z] Finishing up request with event=finish {"metadata":{"emulator":{"name":"functions"},"function":{"name":"us-central1-api"},"extension":{},"message":"Finishing up request with event=finish"}}
[debug] [2025-03-10T14:57:23.373Z] Finishing up request with event=close {"metadata":{"emulator":{"name":"functions"},"function":{"name":"us-central1-api"},"extension":{},"message":"Finishing up request with event=close"}}
[debug] [2025-03-10T14:57:23.373Z] [work-queue] {"queuedWork":[],"queueLength":0,"runningWork":[],"workRunningCount":0}
[debug] [2025-03-10T15:00:24.709Z] [work-queue] {"queuedWork":["/uservizsgaremek/us-central1/api/getClaims/MAJnpzEVyvQ1EIndHqgmUmdQaGE2-2025-03-10T15:00:24.709Z"],"queueLength":1,"runningWork":[],"workRunningCount":0}
[debug] [2025-03-10T15:00:24.709Z] [work-queue] {"queuedWork":[],"queueLength":0,"runningWork":["/uservizsgaremek/us-central1/api/getClaims/MAJnpzEVyvQ1EIndHqgmUmdQaGE2-2025-03-10T15:00:24.709Z"],"workRunningCount":1}
[debug] [2025-03-10T15:00:24.709Z] Accepted request OPTIONS /uservizsgaremek/us-central1/api/getClaims/MAJnpzEVyvQ1EIndHqgmUmdQaGE2 --> us-central1-api
[debug] [2025-03-10T15:00:24.712Z] [functions] Runtime ready! Sending request! {"metadata":{"emulator":{"name":"functions"},"message":"[functions] Runtime ready! Sending request!"}}
[debug] [2025-03-10T15:00:24.712Z] [functions] Got req.url=/uservizsgaremek/us-central1/api/getClaims/MAJnpzEVyvQ1EIndHqgmUmdQaGE2, mapping to path=/getClaims/MAJnpzEVyvQ1EIndHqgmUmdQaGE2 {"metadata":{"emulator":{"name":"functions"},"message":"[functions] Got req.url=/uservizsgaremek/us-central1/api/getClaims/MAJnpzEVyvQ1EIndHqgmUmdQaGE2, mapping to path=/getClaims/MAJnpzEVyvQ1EIndHqgmUmdQaGE2"}}
[debug] [2025-03-10T15:00:24.712Z] [worker-pool] submitRequest(triggerId=us-central1-api) {"metadata":{"emulator":{"name":"functions"},"message":"[worker-pool] submitRequest(triggerId=us-central1-api)"}}
[info] i  functions: Beginning execution of "us-central1-api" {"metadata":{"emulator":{"name":"functions"},"function":{"name":"us-central1-api"},"extension":{},"message":"Beginning execution of \"us-central1-api\""}}
[debug] [2025-03-10T15:00:24.713Z] [worker-us-central1-api-ed4c88ec-2beb-4aa5-9c32-36088c0d9922]: BUSY {"metadata":{"emulator":{"name":"functions"},"function":{"name":"us-central1-api"},"extension":{},"message":"[worker-us-central1-api-ed4c88ec-2beb-4aa5-9c32-36088c0d9922]: BUSY"}}
[debug] [2025-03-10T15:00:24.715Z] Finishing up request with event=pause {"metadata":{"emulator":{"name":"functions"},"function":{"name":"us-central1-api"},"extension":{},"message":"Finishing up request with event=pause"}}
[info] i  functions: Finished "us-central1-api" in 2.6824ms {"metadata":{"emulator":{"name":"functions"},"function":{"name":"us-central1-api"},"extension":{},"message":"Finished \"us-central1-api\" in 2.6824ms"}}
[debug] [2025-03-10T15:00:24.717Z] [worker-us-central1-api-ed4c88ec-2beb-4aa5-9c32-36088c0d9922]: IDLE {"metadata":{"emulator":{"name":"functions"},"function":{"name":"us-central1-api"},"extension":{},"message":"[worker-us-central1-api-ed4c88ec-2beb-4aa5-9c32-36088c0d9922]: IDLE"}}
[debug] [2025-03-10T15:00:24.717Z] Finishing up request with event=finish {"metadata":{"emulator":{"name":"functions"},"function":{"name":"us-central1-api"},"extension":{},"message":"Finishing up request with event=finish"}}
[debug] [2025-03-10T15:00:24.717Z] Finishing up request with event=close {"metadata":{"emulator":{"name":"functions"},"function":{"name":"us-central1-api"},"extension":{},"message":"Finishing up request with event=close"}}
[debug] [2025-03-10T15:00:24.717Z] [work-queue] {"queuedWork":[],"queueLength":0,"runningWork":[],"workRunningCount":0}
[debug] [2025-03-10T15:00:24.719Z] [work-queue] {"queuedWork":["/uservizsgaremek/us-central1/api/getClaims/MAJnpzEVyvQ1EIndHqgmUmdQaGE2-2025-03-10T15:00:24.719Z"],"queueLength":1,"runningWork":[],"workRunningCount":0}
[debug] [2025-03-10T15:00:24.719Z] [work-queue] {"queuedWork":[],"queueLength":0,"runningWork":["/uservizsgaremek/us-central1/api/getClaims/MAJnpzEVyvQ1EIndHqgmUmdQaGE2-2025-03-10T15:00:24.719Z"],"workRunningCount":1}
[debug] [2025-03-10T15:00:24.719Z] Accepted request GET /uservizsgaremek/us-central1/api/getClaims/MAJnpzEVyvQ1EIndHqgmUmdQaGE2 --> us-central1-api
[debug] [2025-03-10T15:00:24.722Z] [functions] Runtime ready! Sending request! {"metadata":{"emulator":{"name":"functions"},"message":"[functions] Runtime ready! Sending request!"}}
[debug] [2025-03-10T15:00:24.722Z] [functions] Got req.url=/uservizsgaremek/us-central1/api/getClaims/MAJnpzEVyvQ1EIndHqgmUmdQaGE2, mapping to path=/getClaims/MAJnpzEVyvQ1EIndHqgmUmdQaGE2 {"metadata":{"emulator":{"name":"functions"},"message":"[functions] Got req.url=/uservizsgaremek/us-central1/api/getClaims/MAJnpzEVyvQ1EIndHqgmUmdQaGE2, mapping to path=/getClaims/MAJnpzEVyvQ1EIndHqgmUmdQaGE2"}}
[debug] [2025-03-10T15:00:24.722Z] [worker-pool] submitRequest(triggerId=us-central1-api) {"metadata":{"emulator":{"name":"functions"},"message":"[worker-pool] submitRequest(triggerId=us-central1-api)"}}
[info] i  functions: Beginning execution of "us-central1-api" {"metadata":{"emulator":{"name":"functions"},"function":{"name":"us-central1-api"},"extension":{},"message":"Beginning execution of \"us-central1-api\""}}
[debug] [2025-03-10T15:00:24.724Z] [worker-us-central1-api-ed4c88ec-2beb-4aa5-9c32-36088c0d9922]: BUSY {"metadata":{"emulator":{"name":"functions"},"function":{"name":"us-central1-api"},"extension":{},"message":"[worker-us-central1-api-ed4c88ec-2beb-4aa5-9c32-36088c0d9922]: BUSY"}}
[info] >  Hiba a claimsok lekérdezésénél!  FirebaseAuthError: There is no user record corresponding to the provided identifier. {"user":"Hiba a claimsok lekérdezésénél!  FirebaseAuthError: There is no user record corresponding to the provided identifier.","metadata":{"emulator":{"name":"functions"},"function":{"name":"us-central1-api"},"extension":{},"message":"\u001b[90m> \u001b[39m Hiba a claimsok lekérdezésénél!  FirebaseAuthError: There is no user record corresponding to the provided identifier."}}
[info] >      at C:\Users\Diak\VizsgaRemek\FrontEnd\functions\node_modules\firebase-admin\lib\auth\auth-api-request.js:552:15 {"user":"    at C:\\Users\\Diak\\VizsgaRemek\\FrontEnd\\functions\\node_modules\\firebase-admin\\lib\\auth\\auth-api-request.js:552:15","metadata":{"emulator":{"name":"functions"},"function":{"name":"us-central1-api"},"extension":{},"message":"\u001b[90m> \u001b[39m     at C:\\Users\\Diak\\VizsgaRemek\\FrontEnd\\functions\\node_modules\\firebase-admin\\lib\\auth\\auth-api-request.js:552:15"}}
[info] >      at C:\Users\Diak\VizsgaRemek\FrontEnd\functions\node_modules\firebase-admin\lib\auth\auth-api-request.js:1616:13 {"user":"    at C:\\Users\\Diak\\VizsgaRemek\\FrontEnd\\functions\\node_modules\\firebase-admin\\lib\\auth\\auth-api-request.js:1616:13","metadata":{"emulator":{"name":"functions"},"function":{"name":"us-central1-api"},"extension":{},"message":"\u001b[90m> \u001b[39m     at C:\\Users\\Diak\\VizsgaRemek\\FrontEnd\\functions\\node_modules\\firebase-admin\\lib\\auth\\auth-api-request.js:1616:13"}}
[info] >      at process.processTicksAndRejections (node:internal/process/task_queues:95:5) { {"user":"    at process.processTicksAndRejections (node:internal/process/task_queues:95:5) {","metadata":{"emulator":{"name":"functions"},"function":{"name":"us-central1-api"},"extension":{},"message":"\u001b[90m> \u001b[39m     at process.processTicksAndRejections (node:internal/process/task_queues:95:5) {"}}
[info] >    errorInfo: { {"user":"  errorInfo: {","metadata":{"emulator":{"name":"functions"},"function":{"name":"us-central1-api"},"extension":{},"message":"\u001b[90m> \u001b[39m   errorInfo: {"}}
[info] >      code: 'auth/user-not-found', {"user":"    code: 'auth/user-not-found',","metadata":{"emulator":{"name":"functions"},"function":{"name":"us-central1-api"},"extension":{},"message":"\u001b[90m> \u001b[39m     code: 'auth/user-not-found',"}}
[info] >      message: 'There is no user record corresponding to the provided identifier.' {"user":"    message: 'There is no user record corresponding to the provided identifier.'","metadata":{"emulator":{"name":"functions"},"function":{"name":"us-central1-api"},"extension":{},"message":"\u001b[90m> \u001b[39m     message: 'There is no user record corresponding to the provided identifier.'"}}
[info] >    }, {"user":"  },","metadata":{"emulator":{"name":"functions"},"function":{"name":"us-central1-api"},"extension":{},"message":"\u001b[90m> \u001b[39m   },"}}
[info] >    codePrefix: 'auth' {"user":"  codePrefix: 'auth'","metadata":{"emulator":{"name":"functions"},"function":{"name":"us-central1-api"},"extension":{},"message":"\u001b[90m> \u001b[39m   codePrefix: 'auth'"}}
[info] >  } {"user":"}","metadata":{"emulator":{"name":"functions"},"function":{"name":"us-central1-api"},"extension":{},"message":"\u001b[90m> \u001b[39m }"}}
[debug] [2025-03-10T15:00:24.963Z] Finishing up request with event=pause {"metadata":{"emulator":{"name":"functions"},"function":{"name":"us-central1-api"},"extension":{},"message":"Finishing up request with event=pause"}}
[info] i  functions: Finished "us-central1-api" in 239.1826ms {"metadata":{"emulator":{"name":"functions"},"function":{"name":"us-central1-api"},"extension":{},"message":"Finished \"us-central1-api\" in 239.1826ms"}}
[debug] [2025-03-10T15:00:24.963Z] [worker-us-central1-api-ed4c88ec-2beb-4aa5-9c32-36088c0d9922]: IDLE {"metadata":{"emulator":{"name":"functions"},"function":{"name":"us-central1-api"},"extension":{},"message":"[worker-us-central1-api-ed4c88ec-2beb-4aa5-9c32-36088c0d9922]: IDLE"}}
[debug] [2025-03-10T15:00:24.963Z] Finishing up request with event=finish {"metadata":{"emulator":{"name":"functions"},"function":{"name":"us-central1-api"},"extension":{},"message":"Finishing up request with event=finish"}}
[debug] [2025-03-10T15:00:24.963Z] Finishing up request with event=close {"metadata":{"emulator":{"name":"functions"},"function":{"name":"us-central1-api"},"extension":{},"message":"Finishing up request with event=close"}}
[debug] [2025-03-10T15:00:24.964Z] [work-queue] {"queuedWork":[],"queueLength":0,"runningWork":[],"workRunningCount":0}
[debug] [2025-03-10T15:00:30.226Z] [work-queue] {"queuedWork":["/uservizsgaremek/us-central1/api/getClaims/QLdD2yYtFRfXnucgaGcDuO5DcRA2-2025-03-10T15:00:30.226Z"],"queueLength":1,"runningWork":[],"workRunningCount":0}
[debug] [2025-03-10T15:00:30.226Z] [work-queue] {"queuedWork":[],"queueLength":0,"runningWork":["/uservizsgaremek/us-central1/api/getClaims/QLdD2yYtFRfXnucgaGcDuO5DcRA2-2025-03-10T15:00:30.226Z"],"workRunningCount":1}
[debug] [2025-03-10T15:00:30.226Z] Accepted request OPTIONS /uservizsgaremek/us-central1/api/getClaims/QLdD2yYtFRfXnucgaGcDuO5DcRA2 --> us-central1-api
[debug] [2025-03-10T15:00:30.230Z] [functions] Runtime ready! Sending request! {"metadata":{"emulator":{"name":"functions"},"message":"[functions] Runtime ready! Sending request!"}}
[debug] [2025-03-10T15:00:30.230Z] [functions] Got req.url=/uservizsgaremek/us-central1/api/getClaims/QLdD2yYtFRfXnucgaGcDuO5DcRA2, mapping to path=/getClaims/QLdD2yYtFRfXnucgaGcDuO5DcRA2 {"metadata":{"emulator":{"name":"functions"},"message":"[functions] Got req.url=/uservizsgaremek/us-central1/api/getClaims/QLdD2yYtFRfXnucgaGcDuO5DcRA2, mapping to path=/getClaims/QLdD2yYtFRfXnucgaGcDuO5DcRA2"}}
[debug] [2025-03-10T15:00:30.230Z] [worker-pool] submitRequest(triggerId=us-central1-api) {"metadata":{"emulator":{"name":"functions"},"message":"[worker-pool] submitRequest(triggerId=us-central1-api)"}}
[info] i  functions: Beginning execution of "us-central1-api" {"metadata":{"emulator":{"name":"functions"},"function":{"name":"us-central1-api"},"extension":{},"message":"Beginning execution of \"us-central1-api\""}}
[debug] [2025-03-10T15:00:30.232Z] [worker-us-central1-api-ed4c88ec-2beb-4aa5-9c32-36088c0d9922]: BUSY {"metadata":{"emulator":{"name":"functions"},"function":{"name":"us-central1-api"},"extension":{},"message":"[worker-us-central1-api-ed4c88ec-2beb-4aa5-9c32-36088c0d9922]: BUSY"}}
[debug] [2025-03-10T15:00:30.235Z] Finishing up request with event=pause {"metadata":{"emulator":{"name":"functions"},"function":{"name":"us-central1-api"},"extension":{},"message":"Finishing up request with event=pause"}}
[info] i  functions: Finished "us-central1-api" in 3.3081ms {"metadata":{"emulator":{"name":"functions"},"function":{"name":"us-central1-api"},"extension":{},"message":"Finished \"us-central1-api\" in 3.3081ms"}}
[debug] [2025-03-10T15:00:30.238Z] [worker-us-central1-api-ed4c88ec-2beb-4aa5-9c32-36088c0d9922]: IDLE {"metadata":{"emulator":{"name":"functions"},"function":{"name":"us-central1-api"},"extension":{},"message":"[worker-us-central1-api-ed4c88ec-2beb-4aa5-9c32-36088c0d9922]: IDLE"}}
[debug] [2025-03-10T15:00:30.238Z] Finishing up request with event=finish {"metadata":{"emulator":{"name":"functions"},"function":{"name":"us-central1-api"},"extension":{},"message":"Finishing up request with event=finish"}}
[debug] [2025-03-10T15:00:30.239Z] Finishing up request with event=close {"metadata":{"emulator":{"name":"functions"},"function":{"name":"us-central1-api"},"extension":{},"message":"Finishing up request with event=close"}}
[debug] [2025-03-10T15:00:30.240Z] [work-queue] {"queuedWork":[],"queueLength":0,"runningWork":[],"workRunningCount":0}
[debug] [2025-03-10T15:00:30.242Z] [work-queue] {"queuedWork":["/uservizsgaremek/us-central1/api/getClaims/QLdD2yYtFRfXnucgaGcDuO5DcRA2-2025-03-10T15:00:30.242Z"],"queueLength":1,"runningWork":[],"workRunningCount":0}
[debug] [2025-03-10T15:00:30.242Z] [work-queue] {"queuedWork":[],"queueLength":0,"runningWork":["/uservizsgaremek/us-central1/api/getClaims/QLdD2yYtFRfXnucgaGcDuO5DcRA2-2025-03-10T15:00:30.242Z"],"workRunningCount":1}
[debug] [2025-03-10T15:00:30.242Z] Accepted request GET /uservizsgaremek/us-central1/api/getClaims/QLdD2yYtFRfXnucgaGcDuO5DcRA2 --> us-central1-api
[debug] [2025-03-10T15:00:30.245Z] [functions] Runtime ready! Sending request! {"metadata":{"emulator":{"name":"functions"},"message":"[functions] Runtime ready! Sending request!"}}
[debug] [2025-03-10T15:00:30.246Z] [functions] Got req.url=/uservizsgaremek/us-central1/api/getClaims/QLdD2yYtFRfXnucgaGcDuO5DcRA2, mapping to path=/getClaims/QLdD2yYtFRfXnucgaGcDuO5DcRA2 {"metadata":{"emulator":{"name":"functions"},"message":"[functions] Got req.url=/uservizsgaremek/us-central1/api/getClaims/QLdD2yYtFRfXnucgaGcDuO5DcRA2, mapping to path=/getClaims/QLdD2yYtFRfXnucgaGcDuO5DcRA2"}}
[debug] [2025-03-10T15:00:30.246Z] [worker-pool] submitRequest(triggerId=us-central1-api) {"metadata":{"emulator":{"name":"functions"},"message":"[worker-pool] submitRequest(triggerId=us-central1-api)"}}
[info] i  functions: Beginning execution of "us-central1-api" {"metadata":{"emulator":{"name":"functions"},"function":{"name":"us-central1-api"},"extension":{},"message":"Beginning execution of \"us-central1-api\""}}
[debug] [2025-03-10T15:00:30.248Z] [worker-us-central1-api-ed4c88ec-2beb-4aa5-9c32-36088c0d9922]: BUSY {"metadata":{"emulator":{"name":"functions"},"function":{"name":"us-central1-api"},"extension":{},"message":"[worker-us-central1-api-ed4c88ec-2beb-4aa5-9c32-36088c0d9922]: BUSY"}}
[info] >  Hiba a claimsok lekérdezésénél!  FirebaseAuthError: There is no user record corresponding to the provided identifier. {"user":"Hiba a claimsok lekérdezésénél!  FirebaseAuthError: There is no user record corresponding to the provided identifier.","metadata":{"emulator":{"name":"functions"},"function":{"name":"us-central1-api"},"extension":{},"message":"\u001b[90m> \u001b[39m Hiba a claimsok lekérdezésénél!  FirebaseAuthError: There is no user record corresponding to the provided identifier."}}
[info] >      at C:\Users\Diak\VizsgaRemek\FrontEnd\functions\node_modules\firebase-admin\lib\auth\auth-api-request.js:552:15 {"user":"    at C:\\Users\\Diak\\VizsgaRemek\\FrontEnd\\functions\\node_modules\\firebase-admin\\lib\\auth\\auth-api-request.js:552:15","metadata":{"emulator":{"name":"functions"},"function":{"name":"us-central1-api"},"extension":{},"message":"\u001b[90m> \u001b[39m     at C:\\Users\\Diak\\VizsgaRemek\\FrontEnd\\functions\\node_modules\\firebase-admin\\lib\\auth\\auth-api-request.js:552:15"}}
[info] >      at C:\Users\Diak\VizsgaRemek\FrontEnd\functions\node_modules\firebase-admin\lib\auth\auth-api-request.js:1616:13 {"user":"    at C:\\Users\\Diak\\VizsgaRemek\\FrontEnd\\functions\\node_modules\\firebase-admin\\lib\\auth\\auth-api-request.js:1616:13","metadata":{"emulator":{"name":"functions"},"function":{"name":"us-central1-api"},"extension":{},"message":"\u001b[90m> \u001b[39m     at C:\\Users\\Diak\\VizsgaRemek\\FrontEnd\\functions\\node_modules\\firebase-admin\\lib\\auth\\auth-api-request.js:1616:13"}}
[info] >      at process.processTicksAndRejections (node:internal/process/task_queues:95:5) { {"user":"    at process.processTicksAndRejections (node:internal/process/task_queues:95:5) {","metadata":{"emulator":{"name":"functions"},"function":{"name":"us-central1-api"},"extension":{},"message":"\u001b[90m> \u001b[39m     at process.processTicksAndRejections (node:internal/process/task_queues:95:5) {"}}
[info] >    errorInfo: { {"user":"  errorInfo: {","metadata":{"emulator":{"name":"functions"},"function":{"name":"us-central1-api"},"extension":{},"message":"\u001b[90m> \u001b[39m   errorInfo: {"}}
[info] >      code: 'auth/user-not-found', {"user":"    code: 'auth/user-not-found',","metadata":{"emulator":{"name":"functions"},"function":{"name":"us-central1-api"},"extension":{},"message":"\u001b[90m> \u001b[39m     code: 'auth/user-not-found',"}}
[info] >      message: 'There is no user record corresponding to the provided identifier.' {"user":"    message: 'There is no user record corresponding to the provided identifier.'","metadata":{"emulator":{"name":"functions"},"function":{"name":"us-central1-api"},"extension":{},"message":"\u001b[90m> \u001b[39m     message: 'There is no user record corresponding to the provided identifier.'"}}
[info] >    }, {"user":"  },","metadata":{"emulator":{"name":"functions"},"function":{"name":"us-central1-api"},"extension":{},"message":"\u001b[90m> \u001b[39m   },"}}
[info] >    codePrefix: 'auth' {"user":"  codePrefix: 'auth'","metadata":{"emulator":{"name":"functions"},"function":{"name":"us-central1-api"},"extension":{},"message":"\u001b[90m> \u001b[39m   codePrefix: 'auth'"}}
[info] >  } {"user":"}","metadata":{"emulator":{"name":"functions"},"function":{"name":"us-central1-api"},"extension":{},"message":"\u001b[90m> \u001b[39m }"}}
[debug] [2025-03-10T15:00:30.468Z] Finishing up request with event=pause {"metadata":{"emulator":{"name":"functions"},"function":{"name":"us-central1-api"},"extension":{},"message":"Finishing up request with event=pause"}}
[info] i  functions: Finished "us-central1-api" in 220.0497ms {"metadata":{"emulator":{"name":"functions"},"function":{"name":"us-central1-api"},"extension":{},"message":"Finished \"us-central1-api\" in 220.0497ms"}}
[debug] [2025-03-10T15:00:30.468Z] [worker-us-central1-api-ed4c88ec-2beb-4aa5-9c32-36088c0d9922]: IDLE {"metadata":{"emulator":{"name":"functions"},"function":{"name":"us-central1-api"},"extension":{},"message":"[worker-us-central1-api-ed4c88ec-2beb-4aa5-9c32-36088c0d9922]: IDLE"}}
[debug] [2025-03-10T15:00:30.469Z] Finishing up request with event=finish {"metadata":{"emulator":{"name":"functions"},"function":{"name":"us-central1-api"},"extension":{},"message":"Finishing up request with event=finish"}}
[debug] [2025-03-10T15:00:30.470Z] Finishing up request with event=close {"metadata":{"emulator":{"name":"functions"},"function":{"name":"us-central1-api"},"extension":{},"message":"Finishing up request with event=close"}}
[debug] [2025-03-10T15:00:30.470Z] [work-queue] {"queuedWork":[],"queueLength":0,"runningWork":[],"workRunningCount":0}
[debug] [2025-03-10T15:09:20.245Z] [work-queue] {"queuedWork":["/uservizsgaremek/us-central1/api/getClaims/90MIUPuq0UcLAtFx9naPLjyLrkq2-2025-03-10T15:09:20.245Z"],"queueLength":1,"runningWork":[],"workRunningCount":0}
[debug] [2025-03-10T15:09:20.246Z] [work-queue] {"queuedWork":[],"queueLength":0,"runningWork":["/uservizsgaremek/us-central1/api/getClaims/90MIUPuq0UcLAtFx9naPLjyLrkq2-2025-03-10T15:09:20.245Z"],"workRunningCount":1}
[debug] [2025-03-10T15:09:20.246Z] Accepted request OPTIONS /uservizsgaremek/us-central1/api/getClaims/90MIUPuq0UcLAtFx9naPLjyLrkq2 --> us-central1-api
[debug] [2025-03-10T15:09:20.249Z] [functions] Runtime ready! Sending request! {"metadata":{"emulator":{"name":"functions"},"message":"[functions] Runtime ready! Sending request!"}}
[debug] [2025-03-10T15:09:20.249Z] [functions] Got req.url=/uservizsgaremek/us-central1/api/getClaims/90MIUPuq0UcLAtFx9naPLjyLrkq2, mapping to path=/getClaims/90MIUPuq0UcLAtFx9naPLjyLrkq2 {"metadata":{"emulator":{"name":"functions"},"message":"[functions] Got req.url=/uservizsgaremek/us-central1/api/getClaims/90MIUPuq0UcLAtFx9naPLjyLrkq2, mapping to path=/getClaims/90MIUPuq0UcLAtFx9naPLjyLrkq2"}}
[debug] [2025-03-10T15:09:20.249Z] [worker-pool] submitRequest(triggerId=us-central1-api) {"metadata":{"emulator":{"name":"functions"},"message":"[worker-pool] submitRequest(triggerId=us-central1-api)"}}
[info] i  functions: Beginning execution of "us-central1-api" {"metadata":{"emulator":{"name":"functions"},"function":{"name":"us-central1-api"},"extension":{},"message":"Beginning execution of \"us-central1-api\""}}
[debug] [2025-03-10T15:09:20.251Z] [worker-us-central1-api-ed4c88ec-2beb-4aa5-9c32-36088c0d9922]: BUSY {"metadata":{"emulator":{"name":"functions"},"function":{"name":"us-central1-api"},"extension":{},"message":"[worker-us-central1-api-ed4c88ec-2beb-4aa5-9c32-36088c0d9922]: BUSY"}}
[debug] [2025-03-10T15:09:20.255Z] Finishing up request with event=pause {"metadata":{"emulator":{"name":"functions"},"function":{"name":"us-central1-api"},"extension":{},"message":"Finishing up request with event=pause"}}
[info] i  functions: Finished "us-central1-api" in 4.7092ms {"metadata":{"emulator":{"name":"functions"},"function":{"name":"us-central1-api"},"extension":{},"message":"Finished \"us-central1-api\" in 4.7092ms"}}
[debug] [2025-03-10T15:09:20.258Z] [worker-us-central1-api-ed4c88ec-2beb-4aa5-9c32-36088c0d9922]: IDLE {"metadata":{"emulator":{"name":"functions"},"function":{"name":"us-central1-api"},"extension":{},"message":"[worker-us-central1-api-ed4c88ec-2beb-4aa5-9c32-36088c0d9922]: IDLE"}}
[debug] [2025-03-10T15:09:20.259Z] Finishing up request with event=finish {"metadata":{"emulator":{"name":"functions"},"function":{"name":"us-central1-api"},"extension":{},"message":"Finishing up request with event=finish"}}
[debug] [2025-03-10T15:09:20.259Z] Finishing up request with event=close {"metadata":{"emulator":{"name":"functions"},"function":{"name":"us-central1-api"},"extension":{},"message":"Finishing up request with event=close"}}
[debug] [2025-03-10T15:09:20.259Z] [work-queue] {"queuedWork":[],"queueLength":0,"runningWork":[],"workRunningCount":0}
[debug] [2025-03-10T15:09:20.259Z] [work-queue] {"queuedWork":["/uservizsgaremek/us-central1/api/getClaims/90MIUPuq0UcLAtFx9naPLjyLrkq2-2025-03-10T15:09:20.259Z"],"queueLength":1,"runningWork":[],"workRunningCount":0}
[debug] [2025-03-10T15:09:20.260Z] [work-queue] {"queuedWork":[],"queueLength":0,"runningWork":["/uservizsgaremek/us-central1/api/getClaims/90MIUPuq0UcLAtFx9naPLjyLrkq2-2025-03-10T15:09:20.259Z"],"workRunningCount":1}
[debug] [2025-03-10T15:09:20.260Z] Accepted request GET /uservizsgaremek/us-central1/api/getClaims/90MIUPuq0UcLAtFx9naPLjyLrkq2 --> us-central1-api
[debug] [2025-03-10T15:09:20.262Z] [functions] Runtime ready! Sending request! {"metadata":{"emulator":{"name":"functions"},"message":"[functions] Runtime ready! Sending request!"}}
[debug] [2025-03-10T15:09:20.262Z] [functions] Got req.url=/uservizsgaremek/us-central1/api/getClaims/90MIUPuq0UcLAtFx9naPLjyLrkq2, mapping to path=/getClaims/90MIUPuq0UcLAtFx9naPLjyLrkq2 {"metadata":{"emulator":{"name":"functions"},"message":"[functions] Got req.url=/uservizsgaremek/us-central1/api/getClaims/90MIUPuq0UcLAtFx9naPLjyLrkq2, mapping to path=/getClaims/90MIUPuq0UcLAtFx9naPLjyLrkq2"}}
[debug] [2025-03-10T15:09:20.262Z] [worker-pool] submitRequest(triggerId=us-central1-api) {"metadata":{"emulator":{"name":"functions"},"message":"[worker-pool] submitRequest(triggerId=us-central1-api)"}}
[info] i  functions: Beginning execution of "us-central1-api" {"metadata":{"emulator":{"name":"functions"},"function":{"name":"us-central1-api"},"extension":{},"message":"Beginning execution of \"us-central1-api\""}}
[debug] [2025-03-10T15:09:20.263Z] [worker-us-central1-api-ed4c88ec-2beb-4aa5-9c32-36088c0d9922]: BUSY {"metadata":{"emulator":{"name":"functions"},"function":{"name":"us-central1-api"},"extension":{},"message":"[worker-us-central1-api-ed4c88ec-2beb-4aa5-9c32-36088c0d9922]: BUSY"}}
[debug] [2025-03-10T15:09:20.495Z] Finishing up request with event=pause {"metadata":{"emulator":{"name":"functions"},"function":{"name":"us-central1-api"},"extension":{},"message":"Finishing up request with event=pause"}}
[info] i  functions: Finished "us-central1-api" in 232.5454ms {"metadata":{"emulator":{"name":"functions"},"function":{"name":"us-central1-api"},"extension":{},"message":"Finished \"us-central1-api\" in 232.5454ms"}}
[debug] [2025-03-10T15:09:20.498Z] [worker-us-central1-api-ed4c88ec-2beb-4aa5-9c32-36088c0d9922]: IDLE {"metadata":{"emulator":{"name":"functions"},"function":{"name":"us-central1-api"},"extension":{},"message":"[worker-us-central1-api-ed4c88ec-2beb-4aa5-9c32-36088c0d9922]: IDLE"}}
[debug] [2025-03-10T15:09:20.499Z] Finishing up request with event=finish {"metadata":{"emulator":{"name":"functions"},"function":{"name":"us-central1-api"},"extension":{},"message":"Finishing up request with event=finish"}}
[debug] [2025-03-10T15:09:20.499Z] Finishing up request with event=close {"metadata":{"emulator":{"name":"functions"},"function":{"name":"us-central1-api"},"extension":{},"message":"Finishing up request with event=close"}}
[debug] [2025-03-10T15:09:20.500Z] [work-queue] {"queuedWork":[],"queueLength":0,"runningWork":[],"workRunningCount":0}
